0 info it worked if it ends with ok
1 verbose cli [ 'C:\\Program Files\\nodejs\\node.exe',
1 verbose cli   'C:\\Program Files\\nodejs\\node_modules\\npm\\bin\\npm-cli.js',
1 verbose cli   'install',
1 verbose cli   'bcrypt',
1 verbose cli   '--python=py' ]
2 info using npm@3.10.8
3 info using node@v6.9.1
4 silly loadCurrentTree Starting
5 silly install loadCurrentTree
6 silly install readLocalPackageData
7 silly fetchPackageMetaData bcrypt
8 silly fetchNamedPackageData bcrypt
9 silly mapToRegistry name bcrypt
10 silly mapToRegistry using default registry
11 silly mapToRegistry registry https://registry.npmjs.org/
12 silly mapToRegistry data Result {
12 silly mapToRegistry   raw: 'bcrypt',
12 silly mapToRegistry   scope: null,
12 silly mapToRegistry   escapedName: 'bcrypt',
12 silly mapToRegistry   name: 'bcrypt',
12 silly mapToRegistry   rawSpec: '',
12 silly mapToRegistry   spec: 'latest',
12 silly mapToRegistry   type: 'tag' }
13 silly mapToRegistry uri https://registry.npmjs.org/bcrypt
14 verbose request uri https://registry.npmjs.org/bcrypt
15 verbose request no auth needed
16 info attempt registry request try #1 at 5:51:41 PM
17 verbose request id 231cd4a29f6f79a1
18 verbose etag W/"583e9edd-142b1"
19 verbose lastModified Wed, 30 Nov 2016 09:41:49 GMT
20 http request GET https://registry.npmjs.org/bcrypt
21 http 304 https://registry.npmjs.org/bcrypt
22 verbose headers { date: 'Sat, 03 Dec 2016 00:51:41 GMT',
22 verbose headers   via: '1.1 varnish',
22 verbose headers   'cache-control': 'max-age=300',
22 verbose headers   etag: 'W/"583e9edd-142b1"',
22 verbose headers   age: '32',
22 verbose headers   connection: 'keep-alive',
22 verbose headers   'x-served-by': 'cache-lax8623-LAX',
22 verbose headers   'x-cache': 'HIT',
22 verbose headers   'x-cache-hits': '1',
22 verbose headers   'x-timer': 'S1480726301.733290,VS0,VE0',
22 verbose headers   vary: 'Accept-Encoding' }
23 silly get cb [ 304,
23 silly get   { date: 'Sat, 03 Dec 2016 00:51:41 GMT',
23 silly get     via: '1.1 varnish',
23 silly get     'cache-control': 'max-age=300',
23 silly get     etag: 'W/"583e9edd-142b1"',
23 silly get     age: '32',
23 silly get     connection: 'keep-alive',
23 silly get     'x-served-by': 'cache-lax8623-LAX',
23 silly get     'x-cache': 'HIT',
23 silly get     'x-cache-hits': '1',
23 silly get     'x-timer': 'S1480726301.733290,VS0,VE0',
23 silly get     vary: 'Accept-Encoding' } ]
24 verbose etag https://registry.npmjs.org/bcrypt from cache
25 verbose get saving bcrypt to C:\Users\johnr\AppData\Roaming\npm-cache\registry.npmjs.org\bcrypt\.cache.json
26 verbose correctMkdir C:\Users\johnr\AppData\Roaming\npm-cache correctMkdir not in flight; initializing
27 silly install normalizeTree
28 silly loadCurrentTree Finishing
29 silly loadIdealTree Starting
30 silly install loadIdealTree
31 silly cloneCurrentTree Starting
32 silly install cloneCurrentTreeToIdealTree
33 silly cloneCurrentTree Finishing
34 silly loadShrinkwrap Starting
35 silly install loadShrinkwrap
36 silly loadShrinkwrap Finishing
37 silly loadAllDepsIntoIdealTree Starting
38 silly install loadAllDepsIntoIdealTree
39 silly resolveWithNewModule bcrypt@0.8.7 checking installable status
40 silly cache add args [ 'bcrypt', null ]
41 verbose cache add spec bcrypt
42 silly cache add parsed spec Result {
42 silly cache add   raw: 'bcrypt',
42 silly cache add   scope: null,
42 silly cache add   escapedName: 'bcrypt',
42 silly cache add   name: 'bcrypt',
42 silly cache add   rawSpec: '',
42 silly cache add   spec: 'latest',
42 silly cache add   type: 'tag' }
43 silly addNamed bcrypt@latest
44 verbose addNamed "latest" is being treated as a dist-tag for bcrypt
45 info addNameTag [ 'bcrypt', 'latest' ]
46 silly mapToRegistry name bcrypt
47 silly mapToRegistry using default registry
48 silly mapToRegistry registry https://registry.npmjs.org/
49 silly mapToRegistry data Result {
49 silly mapToRegistry   raw: 'bcrypt',
49 silly mapToRegistry   scope: null,
49 silly mapToRegistry   escapedName: 'bcrypt',
49 silly mapToRegistry   name: 'bcrypt',
49 silly mapToRegistry   rawSpec: '',
49 silly mapToRegistry   spec: 'latest',
49 silly mapToRegistry   type: 'tag' }
50 silly mapToRegistry uri https://registry.npmjs.org/bcrypt
51 verbose addNameTag registry:https://registry.npmjs.org/bcrypt not in flight; fetching
52 verbose get https://registry.npmjs.org/bcrypt not expired, no request
53 silly addNameTag next cb for bcrypt with tag latest
54 silly addNamed bcrypt@0.8.7
55 verbose addNamed "0.8.7" is a plain semver version for bcrypt
56 silly cache afterAdd bcrypt@0.8.7
57 verbose afterAdd C:\Users\johnr\AppData\Roaming\npm-cache\bcrypt\0.8.7\package\package.json not in flight; writing
58 verbose correctMkdir C:\Users\johnr\AppData\Roaming\npm-cache correctMkdir not in flight; initializing
59 verbose afterAdd C:\Users\johnr\AppData\Roaming\npm-cache\bcrypt\0.8.7\package\package.json written
60 silly fetchNamedPackageData bindings
61 silly mapToRegistry name bindings
62 silly mapToRegistry using default registry
63 silly mapToRegistry registry https://registry.npmjs.org/
64 silly mapToRegistry data Result {
64 silly mapToRegistry   raw: 'bindings',
64 silly mapToRegistry   scope: null,
64 silly mapToRegistry   escapedName: 'bindings',
64 silly mapToRegistry   name: 'bindings',
64 silly mapToRegistry   rawSpec: '',
64 silly mapToRegistry   spec: 'latest',
64 silly mapToRegistry   type: 'tag' }
65 silly mapToRegistry uri https://registry.npmjs.org/bindings
66 silly fetchNamedPackageData nan
67 silly mapToRegistry name nan
68 silly mapToRegistry using default registry
69 silly mapToRegistry registry https://registry.npmjs.org/
70 silly mapToRegistry data Result {
70 silly mapToRegistry   raw: 'nan',
70 silly mapToRegistry   scope: null,
70 silly mapToRegistry   escapedName: 'nan',
70 silly mapToRegistry   name: 'nan',
70 silly mapToRegistry   rawSpec: '',
70 silly mapToRegistry   spec: 'latest',
70 silly mapToRegistry   type: 'tag' }
71 silly mapToRegistry uri https://registry.npmjs.org/nan
72 verbose request uri https://registry.npmjs.org/bindings
73 verbose request no auth needed
74 info attempt registry request try #1 at 5:51:41 PM
75 verbose etag W/"580645d3-46f7"
76 verbose lastModified Tue, 18 Oct 2016 15:54:59 GMT
77 http request GET https://registry.npmjs.org/bindings
78 verbose request uri https://registry.npmjs.org/nan
79 verbose request no auth needed
80 info attempt registry request try #1 at 5:51:41 PM
81 verbose etag W/"5818d749-1ce1e"
82 verbose lastModified Tue, 01 Nov 2016 17:56:25 GMT
83 http request GET https://registry.npmjs.org/nan
84 http 304 https://registry.npmjs.org/bindings
85 verbose headers { date: 'Sat, 03 Dec 2016 00:51:41 GMT',
85 verbose headers   via: '1.1 varnish',
85 verbose headers   'cache-control': 'max-age=300',
85 verbose headers   etag: 'W/"580645d3-46f7"',
85 verbose headers   age: '186',
85 verbose headers   connection: 'keep-alive',
85 verbose headers   'x-served-by': 'cache-lax8623-LAX',
85 verbose headers   'x-cache': 'HIT',
85 verbose headers   'x-cache-hits': '3',
85 verbose headers   'x-timer': 'S1480726301.904127,VS0,VE0',
85 verbose headers   vary: 'Accept-Encoding' }
86 silly get cb [ 304,
86 silly get   { date: 'Sat, 03 Dec 2016 00:51:41 GMT',
86 silly get     via: '1.1 varnish',
86 silly get     'cache-control': 'max-age=300',
86 silly get     etag: 'W/"580645d3-46f7"',
86 silly get     age: '186',
86 silly get     connection: 'keep-alive',
86 silly get     'x-served-by': 'cache-lax8623-LAX',
86 silly get     'x-cache': 'HIT',
86 silly get     'x-cache-hits': '3',
86 silly get     'x-timer': 'S1480726301.904127,VS0,VE0',
86 silly get     vary: 'Accept-Encoding' } ]
87 verbose etag https://registry.npmjs.org/bindings from cache
88 verbose get saving bindings to C:\Users\johnr\AppData\Roaming\npm-cache\registry.npmjs.org\bindings\.cache.json
89 verbose correctMkdir C:\Users\johnr\AppData\Roaming\npm-cache correctMkdir not in flight; initializing
90 silly resolveWithNewModule bindings@1.2.1 checking installable status
91 silly cache add args [ 'bindings@1.2.1', null ]
92 verbose cache add spec bindings@1.2.1
93 silly cache add parsed spec Result {
93 silly cache add   raw: 'bindings@1.2.1',
93 silly cache add   scope: null,
93 silly cache add   escapedName: 'bindings',
93 silly cache add   name: 'bindings',
93 silly cache add   rawSpec: '1.2.1',
93 silly cache add   spec: '1.2.1',
93 silly cache add   type: 'version' }
94 silly addNamed bindings@1.2.1
95 verbose addNamed "1.2.1" is a plain semver version for bindings
96 silly mapToRegistry name bindings
97 silly mapToRegistry using default registry
98 silly mapToRegistry registry https://registry.npmjs.org/
99 silly mapToRegistry data Result {
99 silly mapToRegistry   raw: 'bindings',
99 silly mapToRegistry   scope: null,
99 silly mapToRegistry   escapedName: 'bindings',
99 silly mapToRegistry   name: 'bindings',
99 silly mapToRegistry   rawSpec: '',
99 silly mapToRegistry   spec: 'latest',
99 silly mapToRegistry   type: 'tag' }
100 silly mapToRegistry uri https://registry.npmjs.org/bindings
101 verbose addNameVersion registry:https://registry.npmjs.org/bindings not in flight; fetching
102 verbose get https://registry.npmjs.org/bindings not expired, no request
103 silly cache afterAdd bindings@1.2.1
104 verbose afterAdd C:\Users\johnr\AppData\Roaming\npm-cache\bindings\1.2.1\package\package.json not in flight; writing
105 verbose correctMkdir C:\Users\johnr\AppData\Roaming\npm-cache correctMkdir not in flight; initializing
106 verbose afterAdd C:\Users\johnr\AppData\Roaming\npm-cache\bindings\1.2.1\package\package.json written
107 http 304 https://registry.npmjs.org/nan
108 verbose headers { date: 'Sat, 03 Dec 2016 00:51:41 GMT',
108 verbose headers   via: '1.1 varnish',
108 verbose headers   'cache-control': 'max-age=300',
108 verbose headers   etag: 'W/"5818d749-1ce1e"',
108 verbose headers   age: '123',
108 verbose headers   connection: 'keep-alive',
108 verbose headers   'x-served-by': 'cache-lax8640-LAX',
108 verbose headers   'x-cache': 'HIT',
108 verbose headers   'x-cache-hits': '1',
108 verbose headers   'x-timer': 'S1480726301.992783,VS0,VE0',
108 verbose headers   vary: 'Accept-Encoding' }
109 silly get cb [ 304,
109 silly get   { date: 'Sat, 03 Dec 2016 00:51:41 GMT',
109 silly get     via: '1.1 varnish',
109 silly get     'cache-control': 'max-age=300',
109 silly get     etag: 'W/"5818d749-1ce1e"',
109 silly get     age: '123',
109 silly get     connection: 'keep-alive',
109 silly get     'x-served-by': 'cache-lax8640-LAX',
109 silly get     'x-cache': 'HIT',
109 silly get     'x-cache-hits': '1',
109 silly get     'x-timer': 'S1480726301.992783,VS0,VE0',
109 silly get     vary: 'Accept-Encoding' } ]
110 verbose etag https://registry.npmjs.org/nan from cache
111 verbose get saving nan to C:\Users\johnr\AppData\Roaming\npm-cache\registry.npmjs.org\nan\.cache.json
112 verbose correctMkdir C:\Users\johnr\AppData\Roaming\npm-cache correctMkdir not in flight; initializing
113 silly resolveWithNewModule nan@2.3.5 checking installable status
114 silly cache add args [ 'nan@2.3.5', null ]
115 verbose cache add spec nan@2.3.5
116 silly cache add parsed spec Result {
116 silly cache add   raw: 'nan@2.3.5',
116 silly cache add   scope: null,
116 silly cache add   escapedName: 'nan',
116 silly cache add   name: 'nan',
116 silly cache add   rawSpec: '2.3.5',
116 silly cache add   spec: '2.3.5',
116 silly cache add   type: 'version' }
117 silly addNamed nan@2.3.5
118 verbose addNamed "2.3.5" is a plain semver version for nan
119 silly mapToRegistry name nan
120 silly mapToRegistry using default registry
121 silly mapToRegistry registry https://registry.npmjs.org/
122 silly mapToRegistry data Result {
122 silly mapToRegistry   raw: 'nan',
122 silly mapToRegistry   scope: null,
122 silly mapToRegistry   escapedName: 'nan',
122 silly mapToRegistry   name: 'nan',
122 silly mapToRegistry   rawSpec: '',
122 silly mapToRegistry   spec: 'latest',
122 silly mapToRegistry   type: 'tag' }
123 silly mapToRegistry uri https://registry.npmjs.org/nan
124 verbose addNameVersion registry:https://registry.npmjs.org/nan not in flight; fetching
125 verbose get https://registry.npmjs.org/nan not expired, no request
126 silly cache afterAdd nan@2.3.5
127 verbose afterAdd C:\Users\johnr\AppData\Roaming\npm-cache\nan\2.3.5\package\package.json not in flight; writing
128 verbose correctMkdir C:\Users\johnr\AppData\Roaming\npm-cache correctMkdir not in flight; initializing
129 verbose afterAdd C:\Users\johnr\AppData\Roaming\npm-cache\nan\2.3.5\package\package.json written
130 silly loadAllDepsIntoIdealTree Finishing
131 silly loadIdealTree Finishing
132 silly currentTree myWebSite
133 silly idealTree myWebSite
133 silly idealTree +-- bcrypt@0.8.7
133 silly idealTree +-- bindings@1.2.1
133 silly idealTree `-- nan@2.3.5
134 silly generateActionsToTake Starting
135 silly install generateActionsToTake
136 silly generateActionsToTake Finishing
137 silly diffTrees action count 3
138 silly diffTrees add bindings@1.2.1
139 silly diffTrees add nan@2.3.5
140 silly diffTrees add bcrypt@0.8.7
141 silly decomposeActions action count 24
142 silly decomposeActions fetch bindings@1.2.1
143 silly decomposeActions extract bindings@1.2.1
144 silly decomposeActions test bindings@1.2.1
145 silly decomposeActions preinstall bindings@1.2.1
146 silly decomposeActions build bindings@1.2.1
147 silly decomposeActions install bindings@1.2.1
148 silly decomposeActions postinstall bindings@1.2.1
149 silly decomposeActions finalize bindings@1.2.1
150 silly decomposeActions fetch nan@2.3.5
151 silly decomposeActions extract nan@2.3.5
152 silly decomposeActions test nan@2.3.5
153 silly decomposeActions preinstall nan@2.3.5
154 silly decomposeActions build nan@2.3.5
155 silly decomposeActions install nan@2.3.5
156 silly decomposeActions postinstall nan@2.3.5
157 silly decomposeActions finalize nan@2.3.5
158 silly decomposeActions fetch bcrypt@0.8.7
159 silly decomposeActions extract bcrypt@0.8.7
160 silly decomposeActions test bcrypt@0.8.7
161 silly decomposeActions preinstall bcrypt@0.8.7
162 silly decomposeActions build bcrypt@0.8.7
163 silly decomposeActions install bcrypt@0.8.7
164 silly decomposeActions postinstall bcrypt@0.8.7
165 silly decomposeActions finalize bcrypt@0.8.7
166 silly runTopLevelLifecycles Starting
167 silly executeActions Starting
168 silly install executeActions
169 silly doSerial global-install 0
170 silly doParallel fetch 3
171 verbose correctMkdir C:\Users\johnr\AppData\Roaming\npm-cache\_locks correctMkdir not in flight; initializing
172 verbose lock using C:\Users\johnr\AppData\Roaming\npm-cache\_locks\staging-83f84afab0738867.lock for C:\Users\johnr\Documents\GitHub\myWebSite\node_modules\.staging
173 silly doParallel extract 3
174 silly extract bindings@1.2.1
175 silly extract nan@2.3.5
176 silly extract bcrypt@0.8.7
177 verbose unbuild node_modules\.staging\bindings-ad463a24
178 verbose unbuild node_modules\.staging\nan-f3776549
179 verbose unbuild node_modules\.staging\bcrypt-4c309077
180 silly gentlyRm C:\Users\johnr\Documents\GitHub\myWebSite\node_modules\.staging\bindings-ad463a24 is being purged from base C:\Users\johnr\Documents\GitHub\myWebSite
181 verbose gentlyRm don't care about contents; nuking C:\Users\johnr\Documents\GitHub\myWebSite\node_modules\.staging\bindings-ad463a24
182 silly gentlyRm C:\Users\johnr\Documents\GitHub\myWebSite\node_modules\.staging\nan-f3776549 is being purged from base C:\Users\johnr\Documents\GitHub\myWebSite
183 verbose gentlyRm don't care about contents; nuking C:\Users\johnr\Documents\GitHub\myWebSite\node_modules\.staging\nan-f3776549
184 silly gentlyRm C:\Users\johnr\Documents\GitHub\myWebSite\node_modules\.staging\bcrypt-4c309077 is being purged from base C:\Users\johnr\Documents\GitHub\myWebSite
185 verbose gentlyRm don't care about contents; nuking C:\Users\johnr\Documents\GitHub\myWebSite\node_modules\.staging\bcrypt-4c309077
186 verbose tar unpack C:\Users\johnr\AppData\Roaming\npm-cache\bindings\1.2.1\package.tgz
187 verbose tar unpacking to C:\Users\johnr\Documents\GitHub\myWebSite\node_modules\.staging\bindings-ad463a24
188 silly gentlyRm C:\Users\johnr\Documents\GitHub\myWebSite\node_modules\.staging\bindings-ad463a24 is being purged
189 verbose gentlyRm don't care about contents; nuking C:\Users\johnr\Documents\GitHub\myWebSite\node_modules\.staging\bindings-ad463a24
190 verbose tar unpack C:\Users\johnr\AppData\Roaming\npm-cache\nan\2.3.5\package.tgz
191 verbose tar unpacking to C:\Users\johnr\Documents\GitHub\myWebSite\node_modules\.staging\nan-f3776549
192 silly gentlyRm C:\Users\johnr\Documents\GitHub\myWebSite\node_modules\.staging\nan-f3776549 is being purged
193 verbose gentlyRm don't care about contents; nuking C:\Users\johnr\Documents\GitHub\myWebSite\node_modules\.staging\nan-f3776549
194 verbose tar unpack C:\Users\johnr\AppData\Roaming\npm-cache\bcrypt\0.8.7\package.tgz
195 verbose tar unpacking to C:\Users\johnr\Documents\GitHub\myWebSite\node_modules\.staging\bcrypt-4c309077
196 silly gentlyRm C:\Users\johnr\Documents\GitHub\myWebSite\node_modules\.staging\bcrypt-4c309077 is being purged
197 verbose gentlyRm don't care about contents; nuking C:\Users\johnr\Documents\GitHub\myWebSite\node_modules\.staging\bcrypt-4c309077
198 silly gunzTarPerm modes [ '777', '666' ]
199 silly gunzTarPerm modes [ '777', '666' ]
200 silly gunzTarPerm modes [ '777', '666' ]
201 silly gunzTarPerm extractEntry package.json
202 silly gunzTarPerm modified mode [ 'package.json', 420, 438 ]
203 silly gunzTarPerm extractEntry package.json
204 silly gunzTarPerm modified mode [ 'package.json', 436, 438 ]
205 silly gunzTarPerm extractEntry package.json
206 silly gunzTarPerm modified mode [ 'package.json', 420, 438 ]
207 silly gunzTarPerm extractEntry .npmignore
208 silly gunzTarPerm modified mode [ '.npmignore', 420, 438 ]
209 silly gunzTarPerm extractEntry README.md
210 silly gunzTarPerm modified mode [ 'README.md', 420, 438 ]
211 silly gunzTarPerm extractEntry README.md
212 silly gunzTarPerm modified mode [ 'README.md', 436, 438 ]
213 silly gunzTarPerm extractEntry include_dirs.js
214 silly gunzTarPerm modified mode [ 'include_dirs.js', 436, 438 ]
215 silly gunzTarPerm extractEntry README.md
216 silly gunzTarPerm modified mode [ 'README.md', 420, 438 ]
217 silly gunzTarPerm extractEntry bindings.js
218 silly gunzTarPerm modified mode [ 'bindings.js', 420, 438 ]
219 silly gunzTarPerm extractEntry LICENSE
220 silly gunzTarPerm modified mode [ 'LICENSE', 420, 438 ]
221 silly gunzTarPerm extractEntry bcrypt.js
222 silly gunzTarPerm modified mode [ 'bcrypt.js', 420, 438 ]
223 silly gunzTarPerm extractEntry Makefile
224 silly gunzTarPerm modified mode [ 'Makefile', 420, 438 ]
225 silly gunzTarPerm extractEntry .travis.yml
226 silly gunzTarPerm modified mode [ '.travis.yml', 420, 438 ]
227 silly gunzTarPerm extractEntry CHANGELOG.md
228 silly gunzTarPerm modified mode [ 'CHANGELOG.md', 420, 438 ]
229 silly gunzTarPerm extractEntry binding.gyp
230 silly gunzTarPerm modified mode [ 'binding.gyp', 420, 438 ]
231 silly gunzTarPerm extractEntry examples/async_compare.js
232 silly gunzTarPerm modified mode [ 'examples/async_compare.js', 420, 438 ]
233 silly gunzTarPerm extractEntry examples/forever_gen_salt.js
234 silly gunzTarPerm modified mode [ 'examples/forever_gen_salt.js', 420, 438 ]
235 silly gunzTarPerm extractEntry test/async.js
236 silly gunzTarPerm modified mode [ 'test/async.js', 420, 438 ]
237 silly gunzTarPerm extractEntry test/repetitions.js
238 silly gunzTarPerm modified mode [ 'test/repetitions.js', 420, 438 ]
239 silly gunzTarPerm extractEntry test/sync.js
240 silly gunzTarPerm modified mode [ 'test/sync.js', 420, 438 ]
241 silly gunzTarPerm extractEntry ISSUE_TEMPLATE.md
242 silly gunzTarPerm modified mode [ 'ISSUE_TEMPLATE.md', 420, 438 ]
243 silly gunzTarPerm extractEntry src/bcrypt.cc
244 silly gunzTarPerm modified mode [ 'src/bcrypt.cc', 420, 438 ]
245 silly gunzTarPerm extractEntry src/bcrypt_node.cc
246 silly gunzTarPerm modified mode [ 'src/bcrypt_node.cc', 420, 438 ]
247 silly gunzTarPerm extractEntry src/blowfish.cc
248 silly gunzTarPerm modified mode [ 'src/blowfish.cc', 420, 438 ]
249 silly gunzTarPerm extractEntry src/node_blf.h
250 silly gunzTarPerm modified mode [ 'src/node_blf.h', 420, 438 ]
251 silly gunzTarPerm extractEntry werker.yml
252 silly gunzTarPerm modified mode [ 'werker.yml', 420, 438 ]
253 silly gunzTarPerm extractEntry nan_converters.h
254 silly gunzTarPerm modified mode [ 'nan_converters.h', 436, 438 ]
255 silly gunzTarPerm extractEntry LICENSE.md
256 silly gunzTarPerm modified mode [ 'LICENSE.md', 436, 438 ]
257 silly gunzTarPerm extractEntry doc/node_misc.md
258 silly gunzTarPerm modified mode [ 'doc/node_misc.md', 436, 438 ]
259 silly gunzTarPerm extractEntry doc/asyncworker.md
260 silly gunzTarPerm modified mode [ 'doc/asyncworker.md', 436, 438 ]
261 silly gunzTarPerm extractEntry doc/callback.md
262 silly gunzTarPerm modified mode [ 'doc/callback.md', 436, 438 ]
263 silly gunzTarPerm extractEntry doc/converters.md
264 silly gunzTarPerm modified mode [ 'doc/converters.md', 436, 438 ]
265 silly gunzTarPerm extractEntry doc/errors.md
266 silly gunzTarPerm modified mode [ 'doc/errors.md', 436, 438 ]
267 silly gunzTarPerm extractEntry doc/maybe_types.md
268 silly gunzTarPerm modified mode [ 'doc/maybe_types.md', 436, 438 ]
269 silly gunzTarPerm extractEntry doc/methods.md
270 silly gunzTarPerm modified mode [ 'doc/methods.md', 436, 438 ]
271 silly gunzTarPerm extractEntry doc/new.md
272 silly gunzTarPerm modified mode [ 'doc/new.md', 436, 438 ]
273 silly gentlyRm C:\Users\johnr\Documents\GitHub\myWebSite\node_modules\.staging\bindings-ad463a24\node_modules is being purged
274 verbose gentlyRm don't care about contents; nuking C:\Users\johnr\Documents\GitHub\myWebSite\node_modules\.staging\bindings-ad463a24\node_modules
275 silly gunzTarPerm extractEntry doc/buffers.md
276 silly gunzTarPerm modified mode [ 'doc/buffers.md', 436, 438 ]
277 silly gunzTarPerm extractEntry doc/object_wrappers.md
278 silly gunzTarPerm modified mode [ 'doc/object_wrappers.md', 436, 438 ]
279 silly gunzTarPerm extractEntry doc/persistent.md
280 silly gunzTarPerm modified mode [ 'doc/persistent.md', 436, 438 ]
281 silly gunzTarPerm extractEntry doc/scopes.md
282 silly gunzTarPerm modified mode [ 'doc/scopes.md', 436, 438 ]
283 silly gunzTarPerm extractEntry doc/script.md
284 silly gunzTarPerm modified mode [ 'doc/script.md', 436, 438 ]
285 silly gunzTarPerm extractEntry doc/string_bytes.md
286 silly gunzTarPerm modified mode [ 'doc/string_bytes.md', 436, 438 ]
287 silly gunzTarPerm extractEntry doc/v8_internals.md
288 silly gunzTarPerm modified mode [ 'doc/v8_internals.md', 436, 438 ]
289 silly gunzTarPerm extractEntry doc/v8_misc.md
290 silly gunzTarPerm modified mode [ 'doc/v8_misc.md', 436, 438 ]
291 silly gunzTarPerm extractEntry nan.h
292 silly gunzTarPerm modified mode [ 'nan.h', 436, 438 ]
293 silly gunzTarPerm extractEntry nan_callbacks.h
294 silly gunzTarPerm modified mode [ 'nan_callbacks.h', 436, 438 ]
295 silly gunzTarPerm extractEntry nan_callbacks_12_inl.h
296 silly gunzTarPerm modified mode [ 'nan_callbacks_12_inl.h', 436, 438 ]
297 silly gunzTarPerm extractEntry nan_callbacks_pre_12_inl.h
298 silly gunzTarPerm modified mode [ 'nan_callbacks_pre_12_inl.h', 436, 438 ]
299 silly gunzTarPerm extractEntry nan_converters_43_inl.h
300 silly gunzTarPerm modified mode [ 'nan_converters_43_inl.h', 436, 438 ]
301 silly gunzTarPerm extractEntry nan_converters_pre_43_inl.h
302 silly gunzTarPerm modified mode [ 'nan_converters_pre_43_inl.h', 436, 438 ]
303 silly gunzTarPerm extractEntry nan_implementation_12_inl.h
304 silly gunzTarPerm modified mode [ 'nan_implementation_12_inl.h', 436, 438 ]
305 silly gunzTarPerm extractEntry nan_implementation_pre_12_inl.h
306 silly gunzTarPerm modified mode [ 'nan_implementation_pre_12_inl.h', 436, 438 ]
307 silly gunzTarPerm extractEntry nan_maybe_43_inl.h
308 silly gunzTarPerm modified mode [ 'nan_maybe_43_inl.h', 436, 438 ]
309 silly gunzTarPerm extractEntry nan_maybe_pre_43_inl.h
310 silly gunzTarPerm modified mode [ 'nan_maybe_pre_43_inl.h', 436, 438 ]
311 silly gunzTarPerm extractEntry nan_new.h
312 silly gunzTarPerm modified mode [ 'nan_new.h', 436, 438 ]
313 silly gunzTarPerm extractEntry nan_object_wrap.h
314 silly gunzTarPerm modified mode [ 'nan_object_wrap.h', 436, 438 ]
315 silly gunzTarPerm extractEntry nan_persistent_12_inl.h
316 silly gunzTarPerm modified mode [ 'nan_persistent_12_inl.h', 436, 438 ]
317 silly gunzTarPerm extractEntry nan_persistent_pre_12_inl.h
318 silly gunzTarPerm modified mode [ 'nan_persistent_pre_12_inl.h', 436, 438 ]
319 silly gunzTarPerm extractEntry nan_string_bytes.h
320 silly gunzTarPerm modified mode [ 'nan_string_bytes.h', 436, 438 ]
321 silly gunzTarPerm extractEntry nan_typedarray_contents.h
322 silly gunzTarPerm modified mode [ 'nan_typedarray_contents.h', 436, 438 ]
323 silly gunzTarPerm extractEntry nan_weak.h
324 silly gunzTarPerm modified mode [ 'nan_weak.h', 436, 438 ]
325 silly gentlyRm C:\Users\johnr\Documents\GitHub\myWebSite\node_modules\.staging\bcrypt-4c309077\node_modules is being purged
326 verbose gentlyRm don't care about contents; nuking C:\Users\johnr\Documents\GitHub\myWebSite\node_modules\.staging\bcrypt-4c309077\node_modules
327 silly gunzTarPerm extractEntry CHANGELOG.md
328 silly gunzTarPerm modified mode [ 'CHANGELOG.md', 436, 438 ]
329 silly gunzTarPerm extractEntry tools/package.json
330 silly gunzTarPerm modified mode [ 'tools/package.json', 436, 438 ]
331 silly gunzTarPerm extractEntry tools/README.md
332 silly gunzTarPerm modified mode [ 'tools/README.md', 436, 438 ]
333 silly gunzTarPerm extractEntry tools/1to2.js
334 silly gunzTarPerm modified mode [ 'tools/1to2.js', 509, 511 ]
335 silly gentlyRm C:\Users\johnr\Documents\GitHub\myWebSite\node_modules\.staging\nan-f3776549\node_modules is being purged
336 verbose gentlyRm don't care about contents; nuking C:\Users\johnr\Documents\GitHub\myWebSite\node_modules\.staging\nan-f3776549\node_modules
337 silly doParallel preinstall 3
338 silly preinstall bindings@1.2.1 C:\Users\johnr\Documents\GitHub\myWebSite\node_modules\.staging\bindings-ad463a24
339 info lifecycle bindings@1.2.1~preinstall: bindings@1.2.1
340 silly preinstall nan@2.3.5 C:\Users\johnr\Documents\GitHub\myWebSite\node_modules\.staging\nan-f3776549
341 info lifecycle nan@2.3.5~preinstall: nan@2.3.5
342 silly preinstall bcrypt@0.8.7 C:\Users\johnr\Documents\GitHub\myWebSite\node_modules\.staging\bcrypt-4c309077
343 info lifecycle bcrypt@0.8.7~preinstall: bcrypt@0.8.7
344 silly lifecycle bindings@1.2.1~preinstall: no script for preinstall, continuing
345 silly lifecycle nan@2.3.5~preinstall: no script for preinstall, continuing
346 silly lifecycle bcrypt@0.8.7~preinstall: no script for preinstall, continuing
347 silly doReverseSerial remove 0
348 silly doSerial move 0
349 silly doSerial finalize 3
350 silly finalize C:\Users\johnr\Documents\GitHub\myWebSite\node_modules\bindings
351 silly finalize C:\Users\johnr\Documents\GitHub\myWebSite\node_modules\nan
352 silly finalize C:\Users\johnr\Documents\GitHub\myWebSite\node_modules\bcrypt
353 silly doSerial build 3
354 silly build bindings@1.2.1
355 info linkStuff bindings@1.2.1
356 silly linkStuff bindings@1.2.1 has C:\Users\johnr\Documents\GitHub\myWebSite\node_modules as its parent node_modules
357 verbose linkBins bindings@1.2.1
358 verbose linkMans bindings@1.2.1
359 silly build nan@2.3.5
360 info linkStuff nan@2.3.5
361 silly linkStuff nan@2.3.5 has C:\Users\johnr\Documents\GitHub\myWebSite\node_modules as its parent node_modules
362 verbose linkBins nan@2.3.5
363 verbose linkMans nan@2.3.5
364 silly build bcrypt@0.8.7
365 info linkStuff bcrypt@0.8.7
366 silly linkStuff bcrypt@0.8.7 has C:\Users\johnr\Documents\GitHub\myWebSite\node_modules as its parent node_modules
367 verbose linkBins bcrypt@0.8.7
368 verbose linkMans bcrypt@0.8.7
369 silly doSerial global-link 0
370 silly doParallel update-linked 0
371 silly doSerial install 3
372 silly install bindings@1.2.1 C:\Users\johnr\Documents\GitHub\myWebSite\node_modules\.staging\bindings-ad463a24
373 info lifecycle bindings@1.2.1~install: bindings@1.2.1
374 silly lifecycle bindings@1.2.1~install: no script for install, continuing
375 silly install nan@2.3.5 C:\Users\johnr\Documents\GitHub\myWebSite\node_modules\.staging\nan-f3776549
376 info lifecycle nan@2.3.5~install: nan@2.3.5
377 silly lifecycle nan@2.3.5~install: no script for install, continuing
378 silly install bcrypt@0.8.7 C:\Users\johnr\Documents\GitHub\myWebSite\node_modules\.staging\bcrypt-4c309077
379 info lifecycle bcrypt@0.8.7~install: bcrypt@0.8.7
380 verbose lifecycle bcrypt@0.8.7~install: unsafe-perm in lifecycle true
381 verbose lifecycle bcrypt@0.8.7~install: PATH: C:\Program Files\nodejs\node_modules\npm\bin\node-gyp-bin;C:\Users\johnr\Documents\GitHub\myWebSite\node_modules\bcrypt\node_modules\.bin;C:\Users\johnr\Documents\GitHub\myWebSite\node_modules\.bin;C:\Users\johnr\AppData\Local\GitHub\PortableGit_284a859b0e6deba86edc624fef1e4db2aa8241a9\cmd;C:\Users\johnr\AppData\Local\GitHub\PortableGit_284a859b0e6deba86edc624fef1e4db2aa8241a9\usr\bin;C:\Users\johnr\AppData\Local\GitHub\PortableGit_284a859b0e6deba86edc624fef1e4db2aa8241a9\usr\share\git-tfs;C:\Users\johnr\AppData\Local\Apps\2.0\11R8PTMW.E73\OLBCMCBL.CH4\gith..tion_317444273a93ac29_0003.0003_83ed0490a76a8c54;C:\Users\johnr\AppData\Local\GitHub\lfs-amd64_1.3.1;C:\ProgramData\Oracle\Java\javapath;C:\WINDOWS\system32;C:\WINDOWS;C:\WINDOWS\System32\Wbem;C:\WINDOWS\System32\WindowsPowerShell\v1.0\;C:\Program Files (x86)\Skype\Phone\;C:\Program Files\Git\cmd;C:\Program Files\nodejs\;C:\Users\johnr\AppData\Local\Programs\Python\Python35\Scripts\;C:\Users\johnr\AppData\Local\Programs\Python\Python35\;C:\Users\johnr\AppData\Local\atom\bin;C:\Users\johnr\AppData\Local\Microsoft\WindowsApps;C:\Users\johnr\AppData\Local\GitHub\PortableGit_284a859b0e6deba86edc624fef1e4db2aa8241a9\cmd;C:\Users\johnr\AppData\Roaming\npm;C:\Windows\Microsoft.NET\Framework\v4.0.30319\
382 verbose lifecycle bcrypt@0.8.7~install: CWD: C:\Users\johnr\Documents\GitHub\myWebSite\node_modules\bcrypt
383 silly lifecycle bcrypt@0.8.7~install: Args: [ '/d /s /c', 'node-gyp rebuild' ]
384 silly lifecycle bcrypt@0.8.7~install: Returned: code: 1  signal: null
385 info lifecycle bcrypt@0.8.7~install: Failed to exec install script
386 verbose unlock done using C:\Users\johnr\AppData\Roaming\npm-cache\_locks\staging-83f84afab0738867.lock for C:\Users\johnr\Documents\GitHub\myWebSite\node_modules\.staging
387 silly rollbackFailedOptional Starting
388 silly rollbackFailedOptional Finishing
389 silly runTopLevelLifecycles Finishing
390 silly install printInstalled
391 warn enoent ENOENT: no such file or directory, open 'C:\Users\johnr\Documents\GitHub\myWebSite\package.json'
392 verbose enoent ENOENT: no such file or directory, open 'C:\Users\johnr\Documents\GitHub\myWebSite\package.json'
392 verbose enoent This is most likely not a problem with npm itself
392 verbose enoent and is related to npm not being able to find a file.
393 warn myWebSite No description
394 verbose If you need help, you may report this error at:
394 verbose     <https://github.com/npm/npm/issues>
395 warn myWebSite No repository field.
396 verbose If you need help, you may report this error at:
396 verbose     <https://github.com/npm/npm/issues>
397 warn myWebSite No README data
398 verbose If you need help, you may report this error at:
398 verbose     <https://github.com/npm/npm/issues>
399 warn myWebSite No license field.
400 verbose If you need help, you may report this error at:
400 verbose     <https://github.com/npm/npm/issues>
401 verbose stack Error: bcrypt@0.8.7 install: `node-gyp rebuild`
401 verbose stack Exit status 1
401 verbose stack     at EventEmitter.<anonymous> (C:\Program Files\nodejs\node_modules\npm\lib\utils\lifecycle.js:255:16)
401 verbose stack     at emitTwo (events.js:106:13)
401 verbose stack     at EventEmitter.emit (events.js:191:7)
401 verbose stack     at ChildProcess.<anonymous> (C:\Program Files\nodejs\node_modules\npm\lib\utils\spawn.js:40:14)
401 verbose stack     at emitTwo (events.js:106:13)
401 verbose stack     at ChildProcess.emit (events.js:191:7)
401 verbose stack     at maybeClose (internal/child_process.js:877:16)
401 verbose stack     at Process.ChildProcess._handle.onexit (internal/child_process.js:226:5)
402 verbose pkgid bcrypt@0.8.7
403 verbose cwd C:\Users\johnr\Documents\GitHub\myWebSite
404 error Windows_NT 10.0.14393
405 error argv "C:\\Program Files\\nodejs\\node.exe" "C:\\Program Files\\nodejs\\node_modules\\npm\\bin\\npm-cli.js" "install" "bcrypt" "--python=py"
406 error node v6.9.1
407 error npm  v3.10.8
408 error code ELIFECYCLE
409 error bcrypt@0.8.7 install: `node-gyp rebuild`
409 error Exit status 1
410 error Failed at the bcrypt@0.8.7 install script 'node-gyp rebuild'.
410 error Make sure you have the latest version of node.js and npm installed.
410 error If you do, this is most likely a problem with the bcrypt package,
410 error not with npm itself.
410 error Tell the author that this fails on your system:
410 error     node-gyp rebuild
410 error You can get information on how to open an issue for this project with:
410 error     npm bugs bcrypt
410 error Or if that isn't available, you can get their info via:
410 error     npm owner ls bcrypt
410 error There is likely additional logging output above.
411 verbose exit [ 1, true ]
